[    0.000000] Initializing cgroup subsys cpuset
[    0.000000] Initializing cgroup subsys cpu
[    0.000000] Initializing cgroup subsys cpuacct
[    0.000000] Linux version 4.4.0-89-generic (buildd@lgw01-18) (gcc version 5.4.0 20160609 (Ubuntu 5.4.0-6ubuntu1~16.04.4) ) #112-Ubuntu SMP Mon Jul 31 19:38:41 UTC 2017 (Ubuntu 4.4.0-89.112-generic 4.4.76)
[    0.000000] Command line: BOOT_IMAGE=/boot/vmlinuz-4.4.0-89-generic root=LABEL=cloudimg-rootfs ro console=tty1 console=ttyS0
[    0.000000] KERNEL supported cpus:
[    0.000000]   Intel GenuineIntel
[    0.000000]   AMD AuthenticAMD
[    0.000000]   Centaur CentaurHauls
[    0.000000] ------------[ cut here ]------------
[    0.000000] WARNING: CPU: 0 PID: 0 at /build/linux-YaBj6t/linux-4.4.0/arch/x86/kernel/fpu/xstate.c:517 fpu__init_system_xstate+0x38b/0x75a()
[    0.000000] XSAVE consistency problem, dumping leaves
[    0.000000] Modules linked in:
[    0.000000] CPU: 0 PID: 0 Comm: swapper Not tainted 4.4.0-89-generic #112-Ubuntu
[    0.000000]  0000000000000086 d35a62d6e461b155 ffffffff81e03d80 ffffffff813f9c83
[    0.000000]  ffffffff81e03dc8 ffffffff81caa208 ffffffff81e03db8 ffffffff81081312
[    0.000000]  ffffffff81e03e48 ffffffff81e03e4c 0000000000000008 0000000000000100
[    0.000000] Call Trace:
[    0.000000]  [<ffffffff813f9c83>] dump_stack+0x63/0x90
[    0.000000]  [<ffffffff81081312>] warn_slowpath_common+0x82/0xc0
[    0.000000]  [<ffffffff810813ac>] warn_slowpath_fmt+0x5c/0x80
[    0.000000]  [<ffffffff8107d020>] ? xfeature_size+0x59/0x77
[    0.000000]  [<ffffffff81f6d206>] fpu__init_system_xstate+0x38b/0x75a
[    0.000000]  [<ffffffff81f5d120>] ? early_idt_handler_array+0x120/0x120
[    0.000000]  [<ffffffff81f6cb71>] fpu__init_system+0x10d/0x245
[    0.000000]  [<ffffffff81f6dc7a>] early_cpu_init+0x139/0x13e
[    0.000000]  [<ffffffff81f6dc7a>] ? early_cpu_init+0x139/0x13e
[    0.000000]  [<ffffffff81f69181>] setup_arch+0xb4/0xcf1
[    0.000000]  [<ffffffff81f5d120>] ? early_idt_handler_array+0x120/0x120
[    0.000000]  [<ffffffff81f5dc74>] start_kernel+0xe4/0x4a2
[    0.000000]  [<ffffffff81f5d120>] ? early_idt_handler_array+0x120/0x120
[    0.000000]  [<ffffffff81f5d339>] x86_64_start_reservations+0x2a/0x2c
[    0.000000]  [<ffffffff81f5d485>] x86_64_start_kernel+0x14a/0x16d
[    0.000000] ---[ end trace 4d5ff9f2f68c4233 ]---
[    0.000000] CPUID[0d, 00]: eax=00000007 ebx=00000440 ecx=00000440 edx=00000000
[    0.000000] CPUID[0d, 01]: eax=00000000 ebx=000003c0 ecx=00000000 edx=00000000
[    0.000000] CPUID[0d, 02]: eax=00000100 ebx=00000240 ecx=00000000 edx=00000000
[    0.000000] CPUID[0d, 03]: eax=00000000 ebx=00000000 ecx=00000000 edx=00000000
[    0.000000] CPUID[0d, 04]: eax=00000000 ebx=00000000 ecx=00000000 edx=00000000
[    0.000000] CPUID[0d, 05]: eax=00000000 ebx=00000000 ecx=00000000 edx=00000000
[    0.000000] CPUID[0d, 06]: eax=00000000 ebx=00000000 ecx=00000000 edx=00000000
[    0.000000] CPUID[0d, 07]: eax=00000000 ebx=00000000 ecx=00000000 edx=00000000
[    0.000000] CPUID[0d, 08]: eax=00000000 ebx=00000000 ecx=00000000 edx=00000000
[    0.000000] CPUID[0d, 09]: eax=00000000 ebx=00000000 ecx=00000000 edx=00000000
[    0.000000] CPUID[0d, 0a]: eax=00000000 ebx=00000000 ecx=00000000 edx=00000000
[    0.000000] CPUID[0d, 0b]: eax=00000000 ebx=00000000 ecx=00000000 edx=00000000
[    0.000000] CPUID[0d, 0c]: eax=00000000 ebx=00000000 ecx=00000000 edx=00000000
[    0.000000] CPUID[0d, 0d]: eax=00000000 ebx=00000000 ecx=00000000 edx=00000000
[    0.000000] CPUID[0d, 0e]: eax=00000000 ebx=00000000 ecx=00000000 edx=00000000
[    0.000000] CPUID[0d, 0f]: eax=00000000 ebx=00000000 ecx=00000000 edx=00000000
[    0.000000] CPUID[0d, 10]: eax=00000000 ebx=00000000 ecx=00000000 edx=00000000
[    0.000000] CPUID[0d, 11]: eax=00000000 ebx=00000000 ecx=00000000 edx=00000000
[    0.000000] x86/fpu: xstate_offset[2]:  576, xstate_sizes[2]:  256
[    0.000000] x86/fpu: Supporting XSAVE feature 0x01: 'x87 floating point registers'
[    0.000000] x86/fpu: Supporting XSAVE feature 0x02: 'SSE registers'
[    0.000000] x86/fpu: Supporting XSAVE feature 0x04: 'AVX registers'
[    0.000000] x86/fpu: Enabled xstate features 0x7, context size is 1088 bytes, using 'standard' format.
[    0.000000] x86/fpu: Using 'lazy' FPU context switches.
[    0.000000] e820: BIOS-provided physical RAM map:
[    0.000000] BIOS-e820: [mem 0x0000000000000000-0x000000000009fbff] usable
[    0.000000] BIOS-e820: [mem 0x000000000009fc00-0x000000000009ffff] reserved
[    0.000000] BIOS-e820: [mem 0x00000000000f0000-0x00000000000fffff] reserved
[    0.000000] BIOS-e820: [mem 0x0000000000100000-0x000000007ffeffff] usable
[    0.000000] BIOS-e820: [mem 0x000000007fff0000-0x000000007fffffff] ACPI data
[    0.000000] BIOS-e820: [mem 0x00000000fec00000-0x00000000fec00fff] reserved
[    0.000000] BIOS-e820: [mem 0x00000000fee00000-0x00000000fee00fff] reserved
[    0.000000] BIOS-e820: [mem 0x00000000fffc0000-0x00000000ffffffff] reserved
[    0.000000] NX (Execute Disable) protection: active
[    0.000000] SMBIOS 2.5 present.
[    0.000000] Hypervisor detected: KVM
[    0.000000] e820: last_pfn = 0x7fff0 max_arch_pfn = 0x400000000
[    0.000000] MTRR: Disabled
[    0.000000] x86/PAT: MTRRs disabled, skipping PAT initialization too.
[    0.000000] x86/PAT: Configuration [0-7]: WB  WT  UC- UC  WB  WT  UC- UC  
[    0.000000] CPU MTRRs all blank - virtualized system.
[    0.000000] found SMP MP-table at [mem 0x0009fff0-0x0009ffff] mapped at [ffff88000009fff0]
[    0.000000] Scanning 1 areas for low memory corruption
[    0.000000] RAMDISK: [mem 0x36ac4000-0x37559fff]
[    0.000000] ACPI: Early table checksum verification disabled
[    0.000000] ACPI: RSDP 0x00000000000E0000 000024 (v02 VBOX  )
[    0.000000] ACPI: XSDT 0x000000007FFF0030 00003C (v01 VBOX   VBOXXSDT 00000001 ASL  00000061)
[    0.000000] ACPI: FACP 0x000000007FFF00F0 0000F4 (v04 VBOX   VBOXFACP 00000001 ASL  00000061)
[    0.000000] ACPI: DSDT 0x000000007FFF0470 0021C8 (v02 VBOX   VBOXBIOS 00000002 INTL 20100528)
[    0.000000] ACPI: FACS 0x000000007FFF0200 000040
[    0.000000] ACPI: FACS 0x000000007FFF0200 000040
[    0.000000] ACPI: APIC 0x000000007FFF0240 00005C (v02 VBOX   VBOXAPIC 00000001 ASL  00000061)
[    0.000000] ACPI: SSDT 0x000000007FFF02A0 0001CC (v01 VBOX   VBOXCPUT 00000002 INTL 20100528)
[    0.000000] No NUMA configuration found
[    0.000000] Faking a node at [mem 0x0000000000000000-0x000000007ffeffff]
[    0.000000] NODE_DATA(0) allocated [mem 0x7ffeb000-0x7ffeffff]
[    0.000000] kvm-clock: Using msrs 4b564d01 and 4b564d00
[    0.000000] kvm-clock: cpu 0, msr 0:7ffe3001, primary cpu clock
[    0.000000] kvm-clock: using sched offset of 3497032938 cycles
[    0.000000] clocksource: kvm-clock: mask: 0xffffffffffffffff max_cycles: 0x1cd42e4dffb, max_idle_ns: 881590591483 ns
[    0.000000] Zone ranges:
[    0.000000]   DMA      [mem 0x0000000000001000-0x0000000000ffffff]
[    0.000000]   DMA32    [mem 0x0000000001000000-0x000000007ffeffff]
[    0.000000]   Normal   empty
[    0.000000]   Device   empty
[    0.000000] Movable zone start for each node
[    0.000000] Early memory node ranges
[    0.000000]   node   0: [mem 0x0000000000001000-0x000000000009efff]
[    0.000000]   node   0: [mem 0x0000000000100000-0x000000007ffeffff]
[    0.000000] Initmem setup node 0 [mem 0x0000000000001000-0x000000007ffeffff]
[    0.000000] ACPI: PM-Timer IO Port: 0x4008
[    0.000000] IOAPIC[0]: apic_id 2, version 32, address 0xfec00000, GSI 0-23
[    0.000000] ACPI: INT_SRC_OVR (bus 0 bus_irq 0 global_irq 2 dfl dfl)
[    0.000000] ACPI: INT_SRC_OVR (bus 0 bus_irq 9 global_irq 9 high level)
[    0.000000] Using ACPI (MADT) for SMP configuration information
[    0.000000] smpboot: Allowing 2 CPUs, 0 hotplug CPUs
[    0.000000] PM: Registered nosave memory: [mem 0x00000000-0x00000fff]
[    0.000000] PM: Registered nosave memory: [mem 0x0009f000-0x0009ffff]
[    0.000000] PM: Registered nosave memory: [mem 0x000a0000-0x000effff]
[    0.000000] PM: Registered nosave memory: [mem 0x000f0000-0x000fffff]
[    0.000000] e820: [mem 0x80000000-0xfebfffff] available for PCI devices
[    0.000000] Booting paravirtualized kernel on KVM
[    0.000000] clocksource: refined-jiffies: mask: 0xffffffff max_cycles: 0xffffffff, max_idle_ns: 7645519600211568 ns
[    0.000000] setup_percpu: NR_CPUS:512 nr_cpumask_bits:512 nr_cpu_ids:2 nr_node_ids:1
[    0.000000] PERCPU: Embedded 33 pages/cpu @ffff88007fc00000 s98264 r8192 d28712 u1048576
[    0.000000] PV qspinlock hash table entries: 256 (order: 0, 4096 bytes)
[    0.000000] Built 1 zonelists in Node order, mobility grouping on.  Total pages: 515961
[    0.000000] Policy zone: DMA32
[    0.000000] Kernel command line: BOOT_IMAGE=/boot/vmlinuz-4.4.0-89-generic root=LABEL=cloudimg-rootfs ro console=tty1 console=ttyS0
[    0.000000] PID hash table entries: 4096 (order: 3, 32768 bytes)
[    0.000000] Memory: 2033928K/2096696K available (8474K kernel code, 1294K rwdata, 3984K rodata, 1488K init, 1316K bss, 62768K reserved, 0K cma-reserved)
[    0.000000] SLUB: HWalign=64, Order=0-3, MinObjects=0, CPUs=2, Nodes=1
[    0.000000] Hierarchical RCU implementation.
[    0.000000] 	Build-time adjustment of leaf fanout to 64.
[    0.000000] 	RCU restricting CPUs from NR_CPUS=512 to nr_cpu_ids=2.
[    0.000000] RCU: Adjusting geometry for rcu_fanout_leaf=64, nr_cpu_ids=2
[    0.000000] NR_IRQS:33024 nr_irqs:440 16
[    0.000000] Console: colour VGA+ 80x25
[    0.000000] console [tty1] enabled
[    0.000000] console [ttyS0] enabled
[    0.000000] tsc: Detected 2496.006 MHz processor
[    2.607137] Calibrating delay loop (skipped) preset value.. 4992.01 BogoMIPS (lpj=9984024)
[    2.610349] pid_max: default: 32768 minimum: 301
[    2.612885] ACPI: Core revision 20150930
[    2.615321] ACPI: 2 ACPI AML tables successfully acquired and loaded
[    2.625895] Security Framework initialized
[    2.627601] Yama: becoming mindful.
[    2.629137] AppArmor: AppArmor initialized
[    2.634426] Dentry cache hash table entries: 262144 (order: 9, 2097152 bytes)
[    2.637787] Inode-cache hash table entries: 131072 (order: 8, 1048576 bytes)
[    2.640384] Mount-cache hash table entries: 4096 (order: 3, 32768 bytes)
[    2.646000] Mountpoint-cache hash table entries: 4096 (order: 3, 32768 bytes)
[    2.651819] Initializing cgroup subsys io
[    2.653095] Initializing cgroup subsys memory
[    2.656581] Initializing cgroup subsys devices
[    2.659842] Initializing cgroup subsys freezer
[    2.661532] Initializing cgroup subsys net_cls
[    2.663150] Initializing cgroup subsys perf_event
[    2.664777] Initializing cgroup subsys net_prio
[    2.666754] Initializing cgroup subsys hugetlb
[    2.668012] Initializing cgroup subsys pids
[    2.672190] CPU: Physical Processor ID: 0
[    2.673869] CPU: Processor Core ID: 0
[    2.676189] mce: CPU supports 0 MCE banks
[    2.679841] Last level iTLB entries: 4KB 64, 2MB 8, 4MB 8
[    2.681174] Last level dTLB entries: 4KB 64, 2MB 0, 4MB 0, 1GB 4
[    2.685363] Freeing SMP alternatives memory: 32K (ffffffff820b9000 - ffffffff820c1000)
[    2.713265] ftrace: allocating 32131 entries in 126 pages
[    2.771439] smpboot: APIC(0) Converting physical 0 to logical package 0
[    2.799447] smpboot: Max logical packages: 1
[    2.802798] x2apic enabled
[    2.807279] Switched APIC routing to physical x2apic.
[    2.810492] ..TIMER: vector=0x30 apic1=0 pin1=2 apic2=-1 pin2=-1
[    2.930562] smpboot: CPU0: Intel(R) Core(TM) i5-6300U CPU @ 2.40GHz (family: 0x6, model: 0x4e, stepping: 0x3)
[    2.943368] Performance Events: unsupported p6 CPU model 78 no PMU driver, software events only.
[    2.968563] KVM setup paravirtual spinlock
[    3.018638] x86: Booting SMP configuration:
[    3.059662] .... node  #0, CPUs:      #1
[    3.103268] kvm-clock: cpu 1, msr 0:7ffe3041, secondary cpu clock
[    3.167569] mce: CPU supports 0 MCE banks
[    3.171781] x86: Booted up 1 node, 2 CPUs
[    3.215463] smpboot: Total of 2 processors activated (9984.02 BogoMIPS)
[    3.242784] devtmpfs: initialized
[    3.276192] evm: security.selinux
[    3.301532] evm: security.SMACK64
[    3.313165] evm: security.SMACK64EXEC
[    3.323262] evm: security.SMACK64TRANSMUTE
[    3.325367] evm: security.SMACK64MMAP
[    3.326204] evm: security.ima
[    3.336818] evm: security.capability
[    3.338689] clocksource: jiffies: mask: 0xffffffff max_cycles: 0xffffffff, max_idle_ns: 7645041785100000 ns
[    3.434613] futex hash table entries: 512 (order: 3, 32768 bytes)
[    3.437157] pinctrl core: initialized pinctrl subsystem
[    3.461499] RTC time: 11:58:49, date: 03/23/18
[    3.505415] NET: Registered protocol family 16
[    3.562727] cpuidle: using governor ladder
[    3.626876] cpuidle: using governor menu
[    3.641240] PCCT header not found.
[    3.664835] ACPI: bus type PCI registered
[    3.760813] acpiphp: ACPI Hot Plug PCI Controller Driver version: 0.5
[    3.762773] PCI: Using configuration type 1 for base access
[    3.804812] ACPI: Added _OSI(Module Device)
[    3.838103] ACPI: Added _OSI(Processor Device)
[    3.849304] ACPI: Added _OSI(3.0 _SCP Extensions)
[    3.919530] ACPI: Added _OSI(Processor Aggregator Device)
[    3.928058] ACPI: Executed 1 blocks of module-level executable AML code
[    3.972438] ACPI: Interpreter enabled
[    3.985424] ACPI: (supports S0 S5)
[    3.987863] ACPI: Using IOAPIC for interrupt routing
[    4.022477] PCI: Using host bridge windows from ACPI; if necessary, use "pci=nocrs" and report a bug
[    4.035845] ACPI: PCI Root Bridge [PCI0] (domain 0000 [bus 00-ff])
[    4.040834] acpi PNP0A03:00: _OSC: OS supports [ASPM ClockPM Segments MSI]
[    4.045734] acpi PNP0A03:00: _OSC failed (AE_NOT_FOUND); disabling ASPM
[    4.052628] acpi PNP0A03:00: fail to add MMCONFIG information, can't access extended PCI configuration space under this bridge.
[    4.061926] PCI host bridge to bus 0000:00
[    4.064397] pci_bus 0000:00: root bus resource [io  0x0000-0x0cf7 window]
[    4.067732] pci_bus 0000:00: root bus resource [io  0x0d00-0xffff window]
[    4.073270] pci_bus 0000:00: root bus resource [mem 0x000a0000-0x000bffff window]
[    4.076797] pci_bus 0000:00: root bus resource [mem 0x80000000-0xffdfffff window]
[    4.082894] pci_bus 0000:00: root bus resource [bus 00-ff]
[    4.090750] pci 0000:00:01.1: legacy IDE quirk: reg 0x10: [io  0x01f0-0x01f7]
[    4.104290] pci 0000:00:01.1: legacy IDE quirk: reg 0x14: [io  0x03f6]
[    4.107164] pci 0000:00:01.1: legacy IDE quirk: reg 0x18: [io  0x0170-0x0177]
[    4.111333] pci 0000:00:01.1: legacy IDE quirk: reg 0x1c: [io  0x0376]
[    4.154859] pci 0000:00:07.0: quirk: [io  0x4000-0x403f] claimed by PIIX4 ACPI
[    4.177769] pci 0000:00:07.0: quirk: [io  0x4100-0x410f] claimed by PIIX4 SMB
[    4.204797] ACPI: PCI Interrupt Link [LNKA] (IRQs 5 9 10 *11)
[    4.240255] ACPI: PCI Interrupt Link [LNKB] (IRQs 5 9 10 *11)
[    4.261485] ACPI: PCI Interrupt Link [LNKC] (IRQs 5 9 *10 11)
[    4.263236] ACPI: PCI Interrupt Link [LNKD] (IRQs 5 *9 10 11)
[    4.266299] ACPI: Enabled 2 GPEs in block 00 to 07
[    4.276511] vgaarb: setting as boot device: PCI:0000:00:02.0
[    4.279393] vgaarb: device added: PCI:0000:00:02.0,decodes=io+mem,owns=io+mem,locks=none
[    4.300780] vgaarb: loaded
[    4.302936] vgaarb: bridge control possible 0000:00:02.0
[    4.318583] SCSI subsystem initialized
[    4.325315] ACPI: bus type USB registered
[    4.333616] usbcore: registered new interface driver usbfs
[    4.335053] usbcore: registered new interface driver hub
[    4.336942] usbcore: registered new device driver usb
[    4.340552] PCI: Using ACPI for IRQ routing
[    4.427343] NetLabel: Initializing
[    4.436002] NetLabel:  domain hash size = 128
[    4.481357] NetLabel:  protocols = UNLABELED CIPSOv4
[    4.554441] NetLabel:  unlabeled traffic allowed by default
[    4.576753] amd_nb: Cannot enumerate AMD northbridges
[    4.636811] clocksource: Switched to clocksource kvm-clock
[    4.651267] AppArmor: AppArmor Filesystem Enabled
[    4.661434] pnp: PnP ACPI init
[    4.678812] pnp: PnP ACPI: found 3 devices
[    4.776381] clocksource: acpi_pm: mask: 0xffffff max_cycles: 0xffffff, max_idle_ns: 2085701024 ns
[    4.974116] NET: Registered protocol family 2
[    5.081112] TCP established hash table entries: 16384 (order: 5, 131072 bytes)
[    5.154789] TCP bind hash table entries: 16384 (order: 6, 262144 bytes)
[    5.240470] TCP: Hash tables configured (established 16384 bind 16384)
[    5.243502] UDP hash table entries: 1024 (order: 3, 32768 bytes)
[    5.306406] UDP-Lite hash table entries: 1024 (order: 3, 32768 bytes)
[    5.364545] NET: Registered protocol family 1
[    5.417778] pci 0000:00:00.0: Limiting direct PCI/PCI transfers
[    5.439014] pci 0000:00:01.0: Activating ISA DMA hang workarounds
[    5.460087] Unpacking initramfs...
[    7.705982] Freeing initrd memory: 10840K (ffff880036ac4000 - ffff88003755a000)
[    7.859638] platform rtc_cmos: registered platform RTC device (no PNP device found)
[    7.888192] Scanning for low memory corruption every 60 seconds
[    7.991567] audit: initializing netlink subsys (disabled)
[    8.096098] audit: type=2000 audit(1521806336.005:1): initialized
[    8.126368] Initialise system trusted keyring
[    8.129035] HugeTLB registered 2 MB page size, pre-allocated 0 pages
[    8.158783] zbud: loaded
[    8.174779] VFS: Disk quotas dquot_6.6.0
[    8.244607] VFS: Dquot-cache hash table entries: 512 (order 0, 4096 bytes)
[    8.256147] squashfs: version 4.0 (2009/01/31) Phillip Lougher
[    8.282318] fuse init (API version 7.23)
[    8.290217] Key type big_key registered
[    8.309389] Allocating IMA MOK and blacklist keyrings.
[    8.315017] Key type asymmetric registered
[    8.338354] Asymmetric key parser 'x509' registered
[    8.350434] Block layer SCSI generic (bsg) driver version 0.4 loaded (major 249)
[    8.360116] io scheduler noop registered
[    8.364455] io scheduler deadline registered (default)
[    8.379370] io scheduler cfq registered
[    8.382716] pci_hotplug: PCI Hot Plug PCI Core version: 0.5
[    8.394155] pciehp: PCI Express Hot Plug Controller Driver version: 0.4
[    8.399849] ACPI: AC Adapter [AC] (on-line)
[    8.422894] input: Power Button as /devices/LNXSYSTM:00/LNXPWRBN:00/input/input0
[    8.425924] ACPI: Power Button [PWRF]
[    8.428097] input: Sleep Button as /devices/LNXSYSTM:00/LNXSLPBN:00/input/input1
[    8.431499] ACPI: Sleep Button [SLPF]
[    8.439938] ACPI: Battery Slot [BAT0] (battery present)
[    8.466010] GHES: HEST is not enabled!
[    8.476439] Serial: 8250/16550 driver, 32 ports, IRQ sharing enabled
[    8.507574] 00:02: ttyS0 at I/O 0x3f8 (irq = 4, base_baud = 115200) is a 16550A
[    8.529999] Linux agpgart interface v0.103
[    8.536396] loop: module loaded
[    8.545551] scsi host0: ata_piix
[    8.556441] scsi host1: ata_piix
[    8.559745] ata1: PATA max UDMA/33 cmd 0x1f0 ctl 0x3f6 bmdma 0xd000 irq 14
[    8.564684] ata2: PATA max UDMA/33 cmd 0x170 ctl 0x376 bmdma 0xd008 irq 15
[    8.567595] libphy: Fixed MDIO Bus: probed
[    8.569873] tun: Universal TUN/TAP device driver, 1.6
[    8.574116] tun: (C) 1999-2004 Max Krasnyansky <maxk@qualcomm.com>
[    8.588413] PPP generic driver version 2.4.2
[    8.591092] ehci_hcd: USB 2.0 'Enhanced' Host Controller (EHCI) Driver
[    8.592438] ehci-pci: EHCI PCI platform driver
[    8.598111] ehci-platform: EHCI generic platform driver
[    8.599254] ohci_hcd: USB 1.1 'Open' Host Controller (OHCI) Driver
[    8.608885] ohci-pci: OHCI PCI platform driver
[    8.659419] ohci-platform: OHCI generic platform driver
[    8.675327] uhci_hcd: USB Universal Host Controller Interface driver
[    8.686208] i8042: PNP: PS/2 Controller [PNP0303:PS2K,PNP0f03:PS2M] at 0x60,0x64 irq 1,12
[    8.711436] serio: i8042 KBD port at 0x60,0x64 irq 1
[    8.737503] serio: i8042 AUX port at 0x60,0x64 irq 12
[    8.745892] mousedev: PS/2 mouse device common for all mice
[    8.807476] input: AT Translated Set 2 keyboard as /devices/platform/i8042/serio0/input/input2
[    8.835083] rtc_cmos rtc_cmos: rtc core: registered rtc_cmos as rtc0
[    8.851536] rtc_cmos rtc_cmos: alarms up to one day, 114 bytes nvram
[    8.857826] tsc: Refined TSC clocksource calibration: 2496.827 MHz
[    8.857829] clocksource: tsc: mask: 0xffffffffffffffff max_cycles: 0x23fd8455db2, max_idle_ns: 440795288451 ns
[    9.017355] i2c /dev entries driver
[    9.071147] device-mapper: uevent: version 1.0.3
[    9.127095] device-mapper: ioctl: 4.34.0-ioctl (2015-10-28) initialised: dm-devel@redhat.com
[    9.170682] ledtrig-cpu: registered to indicate activity on CPUs
[    9.225922] NET: Registered protocol family 10
[    9.252071] NET: Registered protocol family 17
[    9.331153] Key type dns_resolver registered
[    9.365468] microcode: CPU0 sig=0x406e3, pf=0x2, revision=0x0
[    9.397683] microcode: CPU1 sig=0x406e3, pf=0x2, revision=0x0
[    9.405919] microcode: Microcode Update Driver: v2.01 <tigran@aivazian.fsnet.co.uk>, Peter Oruba
[    9.431012] registered taskstats version 1
[    9.468869] Loading compiled-in X.509 certificates
[    9.481632] Loaded X.509 cert 'Build time autogenerated kernel key: 420a71e958a947963108b13c1c2e45412a03ca90'
[    9.490045] zswap: loaded using pool lzo/zbud
[    9.495961] Key type trusted registered
[    9.525045] Key type encrypted registered
[    9.553854] AppArmor: AppArmor sha1 policy hashing enabled
[    9.602467] ima: No TPM chip found, activating TPM-bypass!
[    9.664909] evm: HMAC attrs: 0x1
[    9.689224]   Magic number: 10:318:985
[    9.703514] rtc_cmos rtc_cmos: setting system clock to 2018-03-23 11:58:56 UTC (1521806336)
[    9.725863] BIOS EDD facility v0.16 2004-Jun-25, 0 devices found
[    9.736050] EDD information not available.
[    9.739081] Freeing unused kernel memory: 1488K (ffffffff81f45000 - ffffffff820b9000)
[    9.774412] Write protecting the kernel read-only data: 14336k
[    9.780491] Freeing unused kernel memory: 1752K (ffff88000184a000 - ffff880001a00000)
[    9.784262] Freeing unused kernel memory: 112K (ffff880001de4000 - ffff880001e00000)
Loading, please wait...
[    9.808750] random: systemd-udevd: uninitialized urandom read (16 bytes read, 5 bits of entropy available)
starting version[    9.809633] random: udevadm: uninitialized urandom read (16 bytes read, 5 bits of entropy available)
 229
[    9.809675] random: udevadm: uninitialized urandom read (16 bytes read, 5 bits of entropy available)
[    9.809835] random: udevadm: uninitialized urandom read (16 bytes read, 5 bits of entropy available)
[    9.809882] random: udevadm: uninitialized urandom read (16 bytes read, 5 bits of entropy available)
[    9.809927] random: udevadm: uninitialized urandom read (16 bytes read, 5 bits of entropy available)
[    9.809977] random: udevadm: uninitialized urandom read (16 bytes read, 5 bits of entropy available)
[    9.810021] random: udevadm: uninitialized urandom read (16 bytes read, 5 bits of entropy available)
[    9.810067] random: udevadm: uninitialized urandom read (16 bytes read, 5 bits of entropy available)
[    9.810112] random: udevadm: uninitialized urandom read (16 bytes read, 5 bits of entropy available)
[   10.002809] e1000: Intel(R) PRO/1000 Network Driver - version 7.3.21-k8-NAPI
[   10.014007] e1000: Copyright (c) 1999-2006 Intel Corporation.
[   10.035382] Fusion MPT base driver 3.04.20
[   10.056034] Copyright (c) 1999-2008 LSI Corporation
[   10.063777] Fusion MPT SPI Host driver 3.04.20
[   10.162977] AVX version of gcm_enc/dec engaged.
[   10.182430] AES CTR mode by8 optimization enabled
[   10.362403] input: ImExPS/2 Generic Explorer Mouse as /devices/platform/i8042/serio1/input/input4
[   10.501901] e1000 0000:00:03.0 eth0: (PCI:33MHz:32-bit) 02:c0:e2:3c:71:11
[   10.521849] e1000 0000:00:03.0 eth0: Intel(R) PRO/1000 Network Connection
[   10.540169] mptbase: ioc0: Initiating bringup
[   10.609221] ioc0: LSI53C1030 A0: Capabilities={Initiator}
[   10.818884] scsi host2: ioc0: LSI53C1030 A0, FwRev=00000000h, Ports=1, MaxQ=256, IRQ=20
[   10.977562] scsi 2:0:0:0: Direct-Access     VBOX     HARDDISK         1.0  PQ: 0 ANSI: 5
[   11.053193] scsi target2:0:0: Beginning Domain Validation
[   11.088670] scsi target2:0:0: Domain Validation skipping write tests
[   11.117790] scsi target2:0:0: Ending Domain Validation
[   11.148753] scsi target2:0:0: asynchronous
[   11.169083] scsi 2:0:1:0: Direct-Access     VBOX     HARDDISK         1.0  PQ: 0 ANSI: 5
[   11.198442] scsi target2:0:1: Beginning Domain Validation
[   11.265134] scsi target2:0:1: Domain Validation skipping write tests
[   11.281093] scsi target2:0:1: Ending Domain Validation
[   11.311633] scsi target2:0:1: asynchronous
[   11.366825] sd 2:0:0:0: Attached scsi generic sg0 type 0
[   11.374650] sd 2:0:0:0: [sda] 20971520 512-byte logical blocks: (10.7 GB/10.0 GiB)
[   11.387299] sd 2:0:1:0: Attached scsi generic sg1 type 0
[   11.390075] sd 2:0:1:0: [sdb] 20480 512-byte logical blocks: (10.5 MB/10.0 MiB)
[   11.446869] sd 2:0:0:0: [sda] Write Protect is off
[   11.453719] sd 2:0:0:0: [sda] Incomplete mode parameter data
[   11.496629] sd 2:0:0:0: [sda] Assuming drive cache: write through
[   11.497460] sd 2:0:1:0: [sdb] Write Protect is off
[   11.513538] sd 2:0:1:0: [sdb] Incomplete mode parameter data
[   11.514647]  sda: sda1
[   11.515354] sd 2:0:0:0: [sda] Attached SCSI disk
[   11.547458] sd 2:0:1:0: [sdb] Assuming drive cache: write through
[   11.558804] sd 2:0:1:0: [sdb] Attached SCSI disk
[   11.559554] e1000 0000:00:08.0 eth1: (PCI:33MHz:32-bit) 08:00:27:b3:e7:d3
[   11.559559] e1000 0000:00:08.0 eth1: Intel(R) PRO/1000 Network Connection
[   11.598994] e1000 0000:00:08.0 enp0s8: renamed from eth1
[   11.615451] e1000 0000:00:03.0 enp0s3: renamed from eth0
[   13.225200] floppy0: no floppy controllers found
Begin: Loading e[   14.632299] md: linear personality registered for level -1
ssential drivers[   14.657952] md: multipath personality registered for level -4
 ... [   14.691733] md: raid0 personality registered for level 0
[   14.722776] md: raid1 personality registered for level 1
[   14.804826] raid6: sse2x1   gen()  6270 MB/s
[   14.889139] raid6: sse2x1   xor()  4034 MB/s
[   14.957175] raid6: sse2x2   gen()  6797 MB/s
[   15.028865] raid6: sse2x2   xor()  5664 MB/s
[   15.115164] raid6: sse2x4   gen()  7295 MB/s
[   15.197334] raid6: sse2x4   xor()  6180 MB/s
[   15.220095] raid6: using algorithm sse2x4 gen() 7295 MB/s
[   15.269401] raid6: .... xor() 6180 MB/s, rmw enabled
[   15.390743] raid6: using ssse3x2 recovery algorithm
[   15.462604] xor: automatically using best checksumming function:
[   15.604904]    avx       : 18481.000 MB/sec
[   15.658666] async_tx: api initialized (async)
[   15.757292] md: raid6 personality registered for level 6
[   15.836304] md: raid5 personality registered for level 5
[   15.887095] md: raid4 personality registered for level 4
[   15.911929] md: raid10 personality registered for level 10
done.
Begin: Running /scripts/init-premount ... done[   16.024280] Btrfs loaded
.
Begin: Mounting root file system ... Begin: Running /scripts/local-top ... done.
Begin: Running /scripts/local-premount ... Scanning for Btrfs filesystems
done.
Warning: fsck not present, so sk[   16.073064] EXT4-fs (sda1): mounted filesystem with ordered data mode. Opts: (null)
ipping root file system
done.
Begin: Running /scripts/local-bottom ... done.
Begin: Running /scripts/init-bottom ... done.
[   16.199759] systemd[1]: systemd 229 running in system mode. (+PAM +AUDIT +SELINUX +IMA +APPARMOR +SMACK +SYSVINIT +UTMP +LIBCRYPTSETUP +GCRYPT +GNUTLS +ACL +XZ -LZ4 +SECCOMP +BLKID +ELFUTILS +KMOD -IDN)
[   16.238908] systemd[1]: Detected virtualization oracle.
[   16.255234] systemd[1]: Detected architecture x86-64.

Welcome to [1mUbuntu 16.04.3 LTS[0m!

[   16.263014] systemd[1]: Set hostname to <ubuntu>.
[   16.283058] systemd[1]: Initializing machine ID from random generator.
[   16.336978] systemd[1]: Installed transient /etc/machine-id file.
[   16.488154] systemd[1]: Listening on Device-mapper event daemon FIFOs.
[[0;32m  OK  [0m] Listening on Device-mapper event daemon FIFOs.
[   16.531684] systemd[1]: Started Forward Password Requests to Wall Directory Watch.
[[0;32m  OK  [0m] Started Forward Password Requests to Wall Directory Watch.
[   16.605272] systemd[1]: Listening on LVM2 metadata daemon socket.
[[0;32m  OK  [0m] Listening on LVM2 metadata daemon socket.
[   16.673995] systemd[1]: Reached target Encrypted Volumes.
[[0;32m  OK  [0m] Reached target Encrypted Volumes.
[   16.761337] systemd[1]: Listening on Journal Socket.
[[0;32m  OK  [0m] Listening on Journal Socket.
[   16.823531] systemd[1]: Listening on LVM2 poll daemon socket.
[[0;32m  OK  [0m] Listening on LVM2 poll daemon socket.
[   16.873052] systemd[1]: Reached target Swap.
[[0;32m  OK  [0m] Reached target Swap.
[   16.920673] systemd[1]: Listening on Journal Audit Socket.
[[0;32m  OK  [0m] Listening on Journal Audit Socket.
[   16.969130] systemd[1]: Started Trigger resolvconf update for networkd DNS.
[[0;32m  OK  [0m] Started Trigger resolvconf update for networkd DNS.
[   17.113896] systemd[1]: Created slice System Slice.
[[0;32m  OK  [0m] Created slice System Slice.
[   17.157104] systemd[1]: Starting Remount Root and Kernel File Systems...
         [   17.200818] EXT4-fs (sda1): re-mounted. Opts: (null)
Starting Remount Root and Kernel File Systems...
[   17.209515] systemd[1]: Starting Load Kernel Modules...
[   17.255188] Loading iSCSI transport class v2.0-870.
         Startin[   17.281459] random: nonblocking pool is initialized
g Load Kernel Mo[   17.340037] iscsi: registered transport (tcp)
dules...
[   17.393019] iscsi: registered transport (iser)
[   17.397273] systemd[1]: Starting Nameserver information manager...
         Starting Nameserver information manager...
[   17.449796] systemd[1]: Created slice system-serial\x2dgetty.slice.
[[0;32m  OK  [0m] Created slice system-serial\x2dgetty.slice.
[   17.505064] systemd[1]: Starting Uncomplicated firewall...
         Starting Uncomplicated firewall...
[   17.512134] systemd[1]: Mounting Huge Pages File System...
         Mounting Huge Pages File System...
[   17.525946] systemd[1]: Starting Monitoring of LVM2 mirrors, snapshots etc. using dmeventd or progress polling...
         Starting Monitoring of LVM2 mirrors... dmeventd or progress polling...
[   17.585246] systemd[1]: Starting Create list of required static device nodes for the current kernel...
         Starting Create list of required st... nodes for the current kernel...
[   17.615672] systemd[1]: Mounting POSIX Message Queue File System...
         Mounting POSIX Message Queue File System...
[   17.666303] systemd[1]: Starting Set console keymap...
         Starting Set console keymap...
[   17.709452] systemd[1]: Created slice User and Session Slice.
[[0;32m  OK  [0m] Created slice User and Session Slice.
[   17.749149] systemd[1]: Reached target Slices.
[[0;32m  OK  [0m] Reached target Slices.
[   17.789368] systemd[1]: Listening on udev Kernel Socket.
[[0;32m  OK  [0m] Listening on udev Kernel Socket.
[   17.805469] systemd[1]: Listening on udev Control Socket.
[[0;32m  OK  [0m] Listening on udev Control Socket.
[   17.834619] systemd[1]: Set up automount Arbitrary Executable File Formats File System Automount Point.
[[0;32m  OK  [0m] Set up automount Arbitrary Executab...ats File System Automount Point.
[   17.884967] systemd[1]: Mounting Debug File System...
         Mounting Debug File System...
[   17.917067] systemd[1]: Listening on Syslog Socket.
[[0;32m  OK  [0m] Listening on Syslog Socket.
[   17.959179] systemd[1]: Reached target User and Group Name Lookups.
[[0;32m  OK  [0m] Reached target User and Group Name Lookups.
[   17.978424] systemd[1]: Listening on Journal Socket (/dev/log).
[[0;32m  OK  [0m] Listening on Journal Socket (/dev/log).
[   18.025372] systemd[1]: Starting Journal Service...
         Starting Journal Service...
[   18.085045] systemd[1]: Listening on /dev/initctl Compatibility Named Pipe.
[[0;32m  OK  [0m] Listening on /dev/initctl Compatibility Named Pipe.
[   18.165985] systemd[1]: Mounted POSIX Message Queue File System.
[[0;32m  OK  [0m] Mounted POSIX Message Queue File System.
[   18.197454] systemd[1]: Mounted Huge Pages File System.
[[0;32m  OK  [0m] Mounted Huge Pages File System.
[   18.289174] systemd[1]: Mounted Debug File System.
[[0;32m  OK  [0m] Mounted Debug File System.
[   18.347160] systemd[1]: Started Journal Service.
[[0;32m  OK  [0m] Started Journal Service.
[[0;32m  OK  [0m] Started Remount Root and Kernel File Systems.
[[0;32m  OK  [0m] Started Load Kernel Modules.
[[0;32m  OK  [0m] Started Uncomplicated firewall.
[[0;32m  OK  [0m] Started Create list of required sta...ce nodes for the current kernel.
[[0;32m  OK  [0m] Started Set console keymap.
[[0;32m  OK  [0m] Started Nameserver information manager.
[[0;32m  OK  [0m] Started LVM2 metadata daemon.
         Starting Create Static Device Nodes in /dev...
         Mounting FUSE Control File System...
         Starting Apply Kernel Variables...
         Starting Load/Save Random Seed...
         Starting Initial cloud-init job (pre-networking)...
         Starting udev Coldplug all Devices...
         Starting Flush Journal to Persistent Storage...
[[0;32m  OK  [0m] Mounted FUSE Control File System.
[[0;32m  OK  [0m] Started Create Static Device Nodes in /dev.
[[0;32m  OK  [0m] Started Apply Kernel Variables.
[[0;32m  OK  [0m] Started Load/Save Random Seed.
         Starting udev Kernel Device Manager...
[[0;32m  OK  [0m] Started Flush Journal to Persistent Storage.
[[0;32m  OK  [0m] Started udev Coldplug all Devices.
[[0;32m  OK  [0m] Started udev Kernel Device Manager.
[[0;32m  OK  [0m] Started Dispatch Password Requests to Console Directory Watch.
[[0;32m  OK  [0m] Started Monitoring of LVM2 mirrors,...ng dmeventd or progress polling.
[[0;32m  OK  [0m] Reached target Local File Systems (Pre).
[[0;32m  OK  [0m] Reached target Local File Systems.
         Starting Tell Plymouth To Write Out Runtime Data...
         Starting LSB: AppArmor initialization...
         Starting Set console font and keymap...
         Starting Create Volatile Files and Directories...
         Starting Commit a transient machine-id on disk...
[[0;32m  OK  [0m] Started Tell Plymouth To Write Out Runtime Data.
[[0;32m  OK  [0m] Started Create Volatile Files and Directories.
[[0;32m  OK  [0m] Started Commit a transient machine-id on disk.
[[0;32m  OK  [0m] Found device /dev/ttyS0.
[[0;32m  OK  [0m] Reached target System Time Synchronized.
         Starting Update UTMP about System Boot/Shutdown...
[[0;32m  OK  [0m] Started Update UTMP about System Boot/Shutdown.
[[0;32m  OK  [0m] Listening on Load/Save RF Kill Switch Status /dev/rfkill Watch.
[[0;32m  OK  [0m] Started LSB: AppArmor initialization.
[   17.374358] cloud-init[451]: Cloud-init v. 0.7.9 running 'init-local' at Fri, 23 Mar 2018 11:59:07 +0000. Up 16.78 seconds.
[[0;32m  OK  [0m] Started Initial cloud-init job (pre-networking).
[[0;32m  OK  [0m] Reached target Network (Pre).
         Starting Raise network interfaces...
[[0;32m  OK  [0m] Started Set console font and keymap.
[[0;32m  OK  [0m] Created slice system-getty.slice.
[[0;32m  OK  [0m] Started Raise network interfaces.
         Starting Initial cloud-init job (metadata service crawler)...
[[0;32m  OK  [0m] Reached target Network.
[   19.921348] cloud-init[945]: Cloud-init v. 0.7.9 running 'init' at Fri, 23 Mar 2018 11:59:09 +0000. Up 19.05 seconds.
[   19.956637] cloud-init[945]: ci-info: ++++++++++++++++++++++++++++++++++++++Net device info++++++++++++++++++++++++++++++++++++++
[   20.004808] cloud-init[945]: ci-info: +--------+-------+----------------------------+---------------+-------+-------------------+
[   20.005008] cloud-init[945]: ci-info: | Device |   Up  |          Address           |      Mask     | Scope |     Hw-Address    |
[[0;32m  OK  [0m] Started Initial cloud-init job (metadata service crawler).
[   20.005150] cloud-init[945]: ci-info: +--------+-------+----------------------------+---------------+-------+-------------------+
[   20.150147] cloud-init[945]: ci-info: | enp0s3 |  True |         10.0.2.15          | 255.255.255.0 |   .   | 02:c0:e2:3c:71:11 |
[   20.150504] cloud-init[945]: ci-info: | enp0s3 |  True | fe80::c0:e2ff:fe3c:7111/64 |       .       |  link | 02:c0:e2:3c:71:11 |
[[0;32m  OK  [0m] Reached target System Initialization.
[   20.150652] cloud-init[945]: ci-info: | enp0s8 | False |             .              |       .       |   .   | 08:00:27:b3:e7:d3 |
[   20.244810] cloud-init[945]: ci-info: |   lo   |  True |         127.0.0.1          |   255.0.0.0   |   .   |         .         |
[[0;32m  OK  [0m] Listening on ACPID Listen Socket.
[   20.244912] cloud-init[945]: ci-info: |   lo   |  True |          ::1/128           |       .       |  host |         .         |
[   20.368673] cloud-init[945]: ci-info: +--------+-------+----------------------------+---------------+-------+-------------------+
[   20.368966] cloud-init[945]: ci-info: +++++++++++++++++++++++++++Route IPv4 info++++++++++++++++++++++++++++
[[0;32m  OK  [0m] Started ACPI Events Check.
[   20.369087] cloud-init[945]: ci-info: +-------+-------------+----------+---------------+-----------+-------+
[   20.430253] cloud-init[945]: ci-info: | Route | Destination | Gateway  |    Genmask    | Interface | Flags |
[[0;32m  OK  [0m] Reached target Paths.
[[   20.430377] cloud-init[945]: ci-info: +-------+-------------+----------+---------------+-----------+-------+
[   20.492900] cloud-init[945]: ci-info: |   0   |   0.0.0.0   | 10.0.2.2 |    0.0.0.0    |   enp0s3  |   UG  |
[0;32m  OK  [0m] Started Timer to automatically refresh installed snaps.
[   20.493008] cloud-init[945]: ci-info: |   1   |   10.0.2.0  | 0.0.0.0  | 255.255.255.0 |   enp0s3  |   U   |
[   20.561108] cloud-init[945]: ci-info: +-------+-------------+----------+---------------+-----------+-------+
[[0;32m  OK  [0m] Started Daily Cleanup of Temporary Directories.
         [   20.561299] Starting Socket activation for snappy daemon.cloud-init
[945]: Generating public/private rsa key pair.
[   20.808329] cloud-init[945]: Your identification has been saved in /etc/ssh/ssh_host_rsa_key.
[   20.808610] cloud-init[945]: Your public key has been saved in /etc/ssh/ssh_host_rsa_key.pub.
[[0;32m  OK  [0m] Listening on D-Bus System Message Bus Socket.
[   20.808749] cloud-init[945]: The key fingerprint is:
[   20.960744] cloud-init[945]: SHA256:KEnalDs2IQaINa5xTu9mIwiwif7laAd7UCYopNCrC00 root@ubuntu-xenial
[   20.961054] cloud-init[945]: The key's randomart image is:
         Starting LXD - unix socket.
[   20.961171] cloud-init[945]: +---[RSA 2048]----+
[   21.104064] cloud-init[945]: |+oo              |
[[0;32m  OK  [0m] Listening on UUID daemon activation socket.
[   21.104162] cloud-init[945]: |++.. .           |
[   21.196764] cloud-init[945]: |* B.=            |
[[0;32m  OK  [0m] Reached target Cloud-config availability.
[   21.196881] cloud-init[945]: |=@EO * .         |
[   21.305157] cloud-init[945]: |B+o & . S        |
[[0;32m  OK  [0m] Reached target Network is Online.
[[   21.305298] cloud-init[945]: |=..= +           |
[   21.399473] cloud-init[945]: |oo. O.           |
[0;32m  OK  [0m] Started Daily apt download activities.
[[   21.399590] cloud-init[945]: |. .*++           |
[   21.490214] cloud-init[945]: |  .oo.           |
[0;32m  OK  [0m] Started Daily apt upgrade and clean activities.
[   21.490348] cloud-init[945]: +----[SHA256]-----+
[   21.570869] cloud-init[945]: Generating public/private dsa key pair.
[[0;32m  OK  [0m] Reached target Timers.
[   21.571073] cloud-init[945]: Your identification has been saved in /etc/ssh/ssh_host_dsa_key.
[   21.670890] cloud-init[945]: Your public key has been saved in /etc/ssh/ssh_host_dsa_key.pub.
         [   21.671239] Starting iSCSI initiator daemon (iscsid)...cloud-init
[945]: The key fingerprint is:
[   21.671419] cloud-init[945]: SHA256:j6JjyTVmPUmMBF7GlUrxJrT3aKOYCVQBjwluzH/su+o root@ubuntu-xenial
[   21.764379] cloud-init[945]: The key's randomart image is:
[   21.764724] cloud-init[945]: +---[DSA 1024]----+
[[0;32m  OK  [0m] Listening on Socket activation for snappy daemon.
[[   21.764865] cloud-init[945]: |. ..++=o..       |
[   21.780075] cloud-init[945]: |+. * ++o.        |
[   21.780368] cloud-init[945]: | =+ ooo++        |
[   21.780535] cloud-init[945]: |... . o+oo       |
[   21.780956] cloud-init[945]: |  .. o oS..      |
[   21.781140] cloud-init[945]: |   .o+=o++       |
[   21.781272] cloud-init[945]: |   .+*o....      |
[   21.781441] cloud-init[945]: |    =...         |
[   21.781626] cloud-init[945]: |  .Eo+.          |
[   21.781771] cloud-init[945]: +----[SHA256]-----+
[   21.781940] cloud-init[945]: Generating public/private ecdsa key pair.
[   21.782115] cloud-init[945]: Your identification has been saved in /etc/ssh/ssh_host_ecdsa_key.
[   21.782275] cloud-init[945]: Your public key has been saved in /etc/ssh/ssh_host_ecdsa_key.pub.
[0;32m  OK  [0m] Listening on LXD - unix socket.
[   21.782321] cloud-init[945]: The key fingerprint is:
[   21.916836] cloud-init[945]: SHA256:kjJLFJrNizCSynGfSYjRZCd1lSSFsOJFZm6H1CtXFUA root@ubuntu-xenial
[   21.927885] cloud-init[945]: The key's randomart image is:
[   21.928201] cloud-init[945]: +---[ECDSA 256]---+
[[   21.928328] [0;32m  OK  [0mcloud-init] [945]: Reached target Sockets.| .o+oOoo*E+o.    |

[   21.928372] cloud-init[945]: | .+*X.+o.o       |
[   21.955358] cloud-init[945]: |=oo++B .o        |
[[0;32m  OK  [0m] Reached target Basic System.
[   21.955471] cloud-init[945]: |+o+o*o++         |
[   22.008662] cloud-init[945]: |....=+= S        |
[   22.008960] cloud-init[945]: |   . + .         |
         Starting LSB: MD monitoring daemon...
[   22.009073] cloud-init[945]: |    .            |
[   22.061047] cloud-init[945]: |                 |
[   22.061371] cloud-init[945]: |                 |
         Starting Accounts Service...
[   22.061491] cloud-init[945]: +----[SHA256]-----+
[   22.088739] cloud-init[945]: Generating public/private ed25519 key pair.
[   22.089028] cloud-init[945]: Your identification has been saved in /etc/ssh/ssh_host_ed25519_key.
         Starting System Logging Service...
[   22.089141] cloud-init[945]: Your public key has been saved in /etc/ssh/ssh_host_ed25519_key.pub.
[   22.216412] cloud-init[945]: The key fingerprint is:
[   22.216789] cloud-init[945]: SHA256:f2Ozsd2SMWpbZ1w2ojZ8pUrHlZDOgR2YOr9fm4QOx/E root@ubuntu-xenial
         Starting LSB: Record successful boot for GRUB...
[   22.216973] cloud-init[945]: The key's randomart image is:
[   22.262259] cloud-init[945]: +--[ED25519 256]--+
[[   22.275844] cloud-init[945]: |            o.   |
[   22.276294] cloud-init[945]: |           oo o  |
[   22.276445] cloud-init[945]: |          .. =   |
[0;32m  OK  [0m] Started FUSE filesystem for LXC.
[   22.276581] cloud-init[945]: |         o  o o .|
[   22.308335] cloud-init[945]: |        S o  = =o|
[   22.308888] cloud-init[945]: |         ...+ @oo|
[[0;32m  OK  [0m] Started Deferred execution scheduler.
[   22.309012] cloud-init[945]: |          .BBX.E+|
[   22.460382] cloud-init[945]: |          o+@O=+o|
         Starting Apply the settings specified in cloud-config...
[   22.461198] cloud-init[945]: |           o=+.+.|
[   22.552691] cloud-init[945]: +----[SHA256]-----+
[[0;32m  OK  [0m] Started ACPI event daemon.
[[0;32m  OK  [0m] Started Regular background program processing daemon.
         Starting Login Service...
         Starting /etc/rc.local Compatibility...
[[0;32m  OK  [0m] Started Unattended Upgrades Shutdown.
[[0;32m  OK  [0m] Started D-Bus System Message Bus.
         Starting LXD - container startup/shutdown...
         Starting Pollinate to seed the pseudo random number generator...
[[0;32m  OK  [0m] Started Snappy daemon.
         Starting Auto import assertions from block devices...
[[0;32m  OK  [0m] Started System Logging Service.
[[0;32m  OK  [0m] Started iSCSI initiator daemon (iscsid).
[   23.049418] cloud-init[[1069]: [0;32m  OK  [0mGenerating locales (this might take a while)...] 
Started /etc/rc.local Compatibility.
[[0;32m  OK  [0m] Started LXD - container startup/shutdown.
[[0;32m  OK  [0m] Started Auto import assertions from block devices.
[[0;32m  OK  [0m] Started Login Service.
         Starting Authenticate and Authorize Users to Run Privileged Tasks...
         Starting Login to default iSCSI targets...
[[0;32m  OK  [0m] Started LSB: MD monitoring daemon.
[[0;32m  OK  [0m] Started LSB: Record successful boot for GRUB.
[[0;32m  OK  [0m] Started Authenticate and Authorize Users to Run Privileged Tasks.
[[0;32m  OK  [0m] Started Accounts Service.
[[0;32m  OK  [0m] Started Login to default iSCSI targets.
[[0;32m  OK  [0m] Reached target Remote File Systems (Pre).
[[0;32m  OK  [0m] Reached target Remote File Systems.
         Starting LSB: daemon to balance interrupts for SMP systems...
         Starting LSB: VirtualBox Linux Additions...
         Starting LSB: automatic crash report generation...
         Starting Permit User Sessions...
         Starting LSB: Set the CPU Frequency Scaling governor to "ondemand"...
[[0;32m  OK  [0m] Started Permit User Sessions.
[[0;32m  OK  [0m] Started LSB: daemon to balance interrupts for SMP systems.
[[0;32m  OK  [0m] Started LSB: automatic crash report generation.
         Starting Hold until boot process finishes up...
         Starting Terminate Plymouth Boot Screen...
[[0;32m  OK  [0m] Started LSB: VirtualBox Linux Additions.
[[0;32m  OK  [0m] Started LSB: Set the CPU Frequency Scaling governor to "ondemand".
[[0;32m  OK  [0m] Started Hold until boot process finishes up.
[[0;32m  OK  [0m] Started Terminate Plymouth Boot Screen.
[[0;32m  OK  [0m] Started Serial Getty on ttyS0.
         Starting Set console scheme...
[[0;32m  OK  [0m] Started Getty on tty1.
[[0;32m  OK  [0m] Reached target Login Prompts.
[[0;32m  OK  [0m] Started Pollinate to seed the pseudo random number generator.
[[0;32m  OK  [0m] Started Set console scheme.
         Starting OpenBSD Secure Shell server...
[   24.135305] cloud-init[1069]:   en_US.UTF-8... done
[   24.156788] cloud-init[1069]: Generation complete.
[[0;32m  OK  [0m] Started OpenBSD Secure Shell server.
[[0;32m  OK  [0m] Reached target Multi-User System.
[[0;32m  OK  [0m] Reached target Graphical Interface.
         Starting Update UTMP about System Runlevel Changes...
[[0;32m  OK  [0m] Started Update UTMP about System Runlevel Changes.
         Stopping OpenBSD Secure Shell server...
[[0;32m  OK  [0m] Stopped OpenBSD Secure Shell server.
         Starting OpenBSD Secure Shell server...
[[0;32m  OK  [0m] Started OpenBSD Secure Shell server.
[   24.794866] cloud-init[1069]: Cloud-init v. 0.7.9 running 'modules:config' at Fri, 23 Mar 2018 11:59:13 +0000. Up 22.82 seconds.
[[0;32m  OK  [0m] Started Apply the settings specified in cloud-config.
         Starting Execute cloud user/final scripts...
ci-info: no authorized ssh keys fingerprints found for user ubuntu.
<14>Mar 23 11:59:16 ec2: 
<14>Mar 23 11:59:16 ec2: #############################################################
<14>Mar 23 11:59:16 ec2: -----BEGIN SSH HOST KEY FINGERPRINTS-----
<14>Mar 23 11:59:16 ec2: 1024 SHA256:j6JjyTVmPUmMBF7GlUrxJrT3aKOYCVQBjwluzH/su+o root@ubuntu-xenial (DSA)
<14>Mar 23 11:59:16 ec2: 256 SHA256:kjJLFJrNizCSynGfSYjRZCd1lSSFsOJFZm6H1CtXFUA root@ubuntu-xenial (ECDSA)
<14>Mar 23 11:59:16 ec2: 256 SHA256:f2Ozsd2SMWpbZ1w2ojZ8pUrHlZDOgR2YOr9fm4QOx/E root@ubuntu-xenial (ED25519)
<14>Mar 23 11:59:16 ec2: 2048 SHA256:KEnalDs2IQaINa5xTu9mIwiwif7laAd7UCYopNCrC00 root@ubuntu-xenial (RSA)
<14>Mar 23 11:59:16 ec2: -----END SSH HOST KEY FINGERPRINTS-----
<14>Mar 23 11:59:16 ec2: #############################################################
-----BEGIN SSH HOST KEY KEYS-----
ecdsa-sha2-nistp256 AAAAE2VjZHNhLXNoYTItbmlzdHAyNTYAAAAIbmlzdHAyNTYAAABBBCrIQVJsFi4ZgcjFsWucQqTmq+hnQcJTU3Iz6vFZCngdPzoYpSuW6Vy9EJadHYQ+igj9dno9x2WrUIFc65u8Pa8= root@ubuntu-xenial
ssh-ed25519 AAAAC3NzaC1lZDI1NTE5AAAAIDO/T7XEY4OpAL1i+Ip6Yy2JMPRFAshNTe84E+yXgy1J root@ubuntu-xenial
ssh-rsa AAAAB3NzaC1yc2EAAAADAQABAAABAQC2arllzcUkXTWOQYZeYP1hkxAIldxGRWawT5NDXZ3P/S6MbhdxyaKRYu1SlpVZ7TrLEn1L17bMgxp0I48piGt5gzDtb/QlxdI5F/b4SqD5cPJhcDIFLB+TYcx/hXdqpXgT0b1CWo3Z+me2dU36QvmRyQ0udTpOX3FfRT1/N9KH1xPAO9Vbvbb2arkqbUci/H3OPy3nCAePc5KoCacq4rC87KLpVkX9t8MqcG58t4f9tJLwSrrH5X1X9CPJwMOy4Gkk8SpmzTu8s7j8x/9kVnVLr195bO/qvke9OVsJ8CRqWMPc0WpAQ4WtRb3txtmGbRVydFGXJ3r10lIrFMgkah2Z root@ubuntu-xenial
-----END SSH HOST KEY KEYS-----
[   25.973404] cloud-init[1314]: Cloud-init v. 0.7.9 running 'modules:final' at Fri, 23 Mar 2018 11:59:16 +0000. Up 25.45 seconds.
[   25.997293] cloud-init[1314]: ci-info: no authorized ssh keys fingerprints found for user ubuntu.
[   26.000572] cloud-init[1314]: Cloud-init v. 0.7.9 finished at Fri, 23 Mar 2018 11:59:16 +0000. Datasource DataSourceNoCloud [seed=/dev/sdb][dsmode=net].  Up 25.96 seconds
[[0;32m  OK  [0m] Started Execute cloud user/final scripts.
[[0;32m  OK  [0m] Reached target Cloud-init target.

Ubuntu 16.04.3 LTS ubuntu-xenial ttyS0

ubuntu-xenial login: [ 7346.838652] e1000 0000:00:08.0 enp0s8: Reset adapter
